{"/Users/truongqk2302/Pets/expense-tracker/src/components/Toaster.tsx": {"path":"/Users/truongqk2302/Pets/expense-tracker/src/components/Toaster.tsx","statementMap":{"0":{"start":{"line":4,"column":17},"end":{"line":4,"column":null}},"1":{"start":{"line":4,"column":38},"end":{"line":4,"column":46}},"2":{"start":{"line":5,"column":18},"end":{"line":5,"column":null}},"3":{"start":{"line":5,"column":39},"end":{"line":5,"column":48}},"4":{"start":{"line":7,"column":2},"end":{"line":21,"column":null}},"5":{"start":{"line":10,"column":8},"end":{"line":19,"column":null}},"6":{"start":{"line":12,"column":25},"end":{"line":12,"column":null}}},"fnMap":{"0":{"name":"Toaster","decl":{"start":{"line":3,"column":16},"end":{"line":3,"column":26}},"loc":{"start":{"line":3,"column":26},"end":{"line":23,"column":null}},"line":3},"1":{"name":"(anonymous_1)","decl":{"start":{"line":4,"column":17},"end":{"line":4,"column":32}},"loc":{"start":{"line":4,"column":38},"end":{"line":4,"column":46}},"line":4},"2":{"name":"(anonymous_2)","decl":{"start":{"line":5,"column":18},"end":{"line":5,"column":33}},"loc":{"start":{"line":5,"column":39},"end":{"line":5,"column":48}},"line":5},"3":{"name":"(anonymous_3)","decl":{"start":{"line":9,"column":14},"end":{"line":9,"column":19}},"loc":{"start":{"line":10,"column":8},"end":{"line":19,"column":null}},"line":10},"4":{"name":"(anonymous_4)","decl":{"start":{"line":12,"column":10},"end":{"line":12,"column":25}},"loc":{"start":{"line":12,"column":25},"end":{"line":12,"column":null}},"line":12}},"branchMap":{"0":{"loc":{"start":{"line":14,"column":12},"end":{"line":14,"column":null}},"type":"cond-expr","locations":[{"start":{"line":14,"column":35},"end":{"line":14,"column":50}},{"start":{"line":14,"column":50},"end":{"line":14,"column":null}}],"line":14},"1":{"loc":{"start":{"line":17,"column":29},"end":{"line":17,"column":68}},"type":"cond-expr","locations":[{"start":{"line":17,"column":52},"end":{"line":17,"column":58}},{"start":{"line":17,"column":58},"end":{"line":17,"column":68}}],"line":17}},"s":{"0":9,"1":31,"2":9,"3":31,"4":9,"5":4,"6":0},"f":{"0":9,"1":31,"2":31,"3":4,"4":0},"b":{"0":[3,1],"1":[3,1]},"meta":{"lastBranch":2,"lastFunction":5,"lastStatement":7,"seen":{"f:3:16:3:26":0,"s:4:17:4:Infinity":0,"f:4:17:4:32":1,"s:4:38:4:46":1,"s:5:18:5:Infinity":2,"f:5:18:5:33":2,"s:5:39:5:48":3,"s:7:2:21:Infinity":4,"f:9:14:9:19":3,"s:10:8:19:Infinity":5,"f:12:10:12:25":4,"s:12:25:12:Infinity":6,"b:14:35:14:50:14:50:14:Infinity":0,"b:17:52:17:58:17:58:17:68":1},"fnNames":{}}}
,"/Users/truongqk2302/Pets/expense-tracker/src/components/ui/Button.tsx": {"path":"/Users/truongqk2302/Pets/expense-tracker/src/components/ui/Button.tsx","statementMap":{"0":{"start":{"line":14,"column":2},"end":{"line":17,"column":null}},"1":{"start":{"line":19,"column":42},"end":{"line":24,"column":null}},"2":{"start":{"line":27,"column":36},"end":{"line":30,"column":null}},"3":{"start":{"line":41,"column":2},"end":{"line":51,"column":null}}},"fnMap":{"0":{"name":"Button","decl":{"start":{"line":32,"column":16},"end":{"line":32,"column":23}},"loc":{"start":{"line":40,"column":16},"end":{"line":53,"column":null}},"line":40}},"branchMap":{"0":{"loc":{"start":{"line":33,"column":2},"end":{"line":33,"column":null}},"type":"default-arg","locations":[{"start":{"line":33,"column":12},"end":{"line":33,"column":null}}],"line":33},"1":{"loc":{"start":{"line":34,"column":2},"end":{"line":34,"column":null}},"type":"default-arg","locations":[{"start":{"line":34,"column":9},"end":{"line":34,"column":null}}],"line":34},"2":{"loc":{"start":{"line":35,"column":2},"end":{"line":35,"column":null}},"type":"default-arg","locations":[{"start":{"line":35,"column":12},"end":{"line":35,"column":null}}],"line":35},"3":{"loc":{"start":{"line":37,"column":2},"end":{"line":37,"column":null}},"type":"default-arg","locations":[{"start":{"line":37,"column":14},"end":{"line":37,"column":null}}],"line":37},"4":{"loc":{"start":{"line":44,"column":16},"end":{"line":44,"column":null}},"type":"binary-expr","locations":[{"start":{"line":44,"column":16},"end":{"line":44,"column":28}},{"start":{"line":44,"column":28},"end":{"line":44,"column":null}}],"line":44},"5":{"loc":{"start":{"line":47,"column":7},"end":{"line":50,"column":null}},"type":"binary-expr","locations":[{"start":{"line":47,"column":7},"end":{"line":47,"column":null}},{"start":{"line":48,"column":8},"end":{"line":50,"column":null}}],"line":47}},"s":{"0":5,"1":5,"2":5,"3":72},"f":{"0":72},"b":{"0":[72],"1":[72],"2":[72],"3":[72],"4":[72,72],"5":[72,0]},"meta":{"lastBranch":6,"lastFunction":1,"lastStatement":4,"seen":{"s:14:2:17:Infinity":0,"s:19:42:24:Infinity":1,"s:27:36:30:Infinity":2,"f:32:16:32:23":0,"b:33:12:33:Infinity":0,"b:34:9:34:Infinity":1,"b:35:12:35:Infinity":2,"b:37:14:37:Infinity":3,"s:41:2:51:Infinity":3,"b:44:16:44:28:44:28:44:Infinity":4,"b:47:7:47:Infinity:48:8:50:Infinity":5},"fnNames":{}}}
,"/Users/truongqk2302/Pets/expense-tracker/src/components/ui/Field.tsx": {"path":"/Users/truongqk2302/Pets/expense-tracker/src/components/ui/Field.tsx","statementMap":{"0":{"start":{"line":9,"column":2},"end":{"line":11,"column":null}},"1":{"start":{"line":20,"column":2},"end":{"line":23,"column":null}},"2":{"start":{"line":28,"column":2},"end":{"line":28,"column":null}},"3":{"start":{"line":28,"column":17},"end":{"line":28,"column":null}},"4":{"start":{"line":29,"column":2},"end":{"line":29,"column":null}},"5":{"start":{"line":38,"column":2},"end":{"line":42,"column":null}},"6":{"start":{"line":53,"column":2},"end":{"line":59,"column":null}}},"fnMap":{"0":{"name":"Label","decl":{"start":{"line":13,"column":16},"end":{"line":13,"column":22}},"loc":{"start":{"line":19,"column":3},"end":{"line":25,"column":null}},"line":19},"1":{"name":"FieldError","decl":{"start":{"line":27,"column":16},"end":{"line":27,"column":27}},"loc":{"start":{"line":27,"column":67},"end":{"line":30,"column":null}},"line":27},"2":{"name":"Input","decl":{"start":{"line":37,"column":16},"end":{"line":37,"column":22}},"loc":{"start":{"line":37,"column":72},"end":{"line":44,"column":null}},"line":37},"3":{"name":"Select","decl":{"start":{"line":52,"column":16},"end":{"line":52,"column":23}},"loc":{"start":{"line":52,"column":84},"end":{"line":61,"column":null}},"line":52}},"branchMap":{"0":{"loc":{"start":{"line":28,"column":2},"end":{"line":28,"column":null}},"type":"if","locations":[{"start":{"line":28,"column":2},"end":{"line":28,"column":null}},{"start":{},"end":{}}],"line":28},"1":{"loc":{"start":{"line":37,"column":33},"end":{"line":37,"column":49}},"type":"default-arg","locations":[{"start":{"line":37,"column":45},"end":{"line":37,"column":49}}],"line":37},"2":{"loc":{"start":{"line":40,"column":35},"end":{"line":40,"column":77}},"type":"cond-expr","locations":[{"start":{"line":40,"column":45},"end":{"line":40,"column":63}},{"start":{"line":40,"column":63},"end":{"line":40,"column":77}}],"line":40},"3":{"loc":{"start":{"line":52,"column":34},"end":{"line":52,"column":50}},"type":"default-arg","locations":[{"start":{"line":52,"column":46},"end":{"line":52,"column":50}}],"line":52},"4":{"loc":{"start":{"line":55,"column":35},"end":{"line":55,"column":77}},"type":"cond-expr","locations":[{"start":{"line":55,"column":45},"end":{"line":55,"column":63}},{"start":{"line":55,"column":63},"end":{"line":55,"column":77}}],"line":55}},"s":{"0":3,"1":128,"2":104,"3":103,"4":1,"5":94,"6":34},"f":{"0":128,"1":104,"2":94,"3":34},"b":{"0":[103,1],"1":[94],"2":[1,93],"3":[34],"4":[0,34]},"meta":{"lastBranch":5,"lastFunction":4,"lastStatement":7,"seen":{"s:9:2:11:Infinity":0,"f:13:16:13:22":0,"s:20:2:23:Infinity":1,"f:27:16:27:27":1,"b:28:2:28:Infinity:undefined:undefined:undefined:undefined":0,"s:28:2:28:Infinity":2,"s:28:17:28:Infinity":3,"s:29:2:29:Infinity":4,"f:37:16:37:22":2,"b:37:45:37:49":1,"s:38:2:42:Infinity":5,"b:40:45:40:63:40:63:40:77":2,"f:52:16:52:23":3,"b:52:46:52:50":3,"s:53:2:59:Infinity":6,"b:55:45:55:63:55:63:55:77":4},"fnNames":{}}}
,"/Users/truongqk2302/Pets/expense-tracker/src/components/ui/Modal.tsx": {"path":"/Users/truongqk2302/Pets/expense-tracker/src/components/ui/Modal.tsx","statementMap":{"0":{"start":{"line":11,"column":2},"end":{"line":22,"column":null}},"1":{"start":{"line":12,"column":4},"end":{"line":12,"column":null}},"2":{"start":{"line":12,"column":15},"end":{"line":12,"column":null}},"3":{"start":{"line":13,"column":10},"end":{"line":15,"column":null}},"4":{"start":{"line":14,"column":6},"end":{"line":14,"column":null}},"5":{"start":{"line":14,"column":30},"end":{"line":14,"column":null}},"6":{"start":{"line":16,"column":4},"end":{"line":16,"column":null}},"7":{"start":{"line":17,"column":4},"end":{"line":17,"column":null}},"8":{"start":{"line":18,"column":4},"end":{"line":21,"column":null}},"9":{"start":{"line":19,"column":6},"end":{"line":19,"column":null}},"10":{"start":{"line":20,"column":6},"end":{"line":20,"column":null}},"11":{"start":{"line":24,"column":2},"end":{"line":24,"column":null}},"12":{"start":{"line":24,"column":13},"end":{"line":24,"column":null}},"13":{"start":{"line":26,"column":2},"end":{"line":61,"column":null}}},"fnMap":{"0":{"name":"Modal","decl":{"start":{"line":10,"column":16},"end":{"line":10,"column":22}},"loc":{"start":{"line":10,"column":70},"end":{"line":63,"column":null}},"line":10},"1":{"name":"(anonymous_1)","decl":{"start":{"line":11,"column":2},"end":{"line":11,"column":18}},"loc":{"start":{"line":11,"column":18},"end":{"line":22,"column":5}},"line":11},"2":{"name":"(anonymous_2)","decl":{"start":{"line":13,"column":10},"end":{"line":13,"column":19}},"loc":{"start":{"line":13,"column":40},"end":{"line":15,"column":null}},"line":13},"3":{"name":"(anonymous_3)","decl":{"start":{"line":18,"column":4},"end":{"line":18,"column":17}},"loc":{"start":{"line":18,"column":17},"end":{"line":21,"column":null}},"line":18}},"branchMap":{"0":{"loc":{"start":{"line":12,"column":4},"end":{"line":12,"column":null}},"type":"if","locations":[{"start":{"line":12,"column":4},"end":{"line":12,"column":null}},{"start":{},"end":{}}],"line":12},"1":{"loc":{"start":{"line":14,"column":6},"end":{"line":14,"column":null}},"type":"if","locations":[{"start":{"line":14,"column":6},"end":{"line":14,"column":null}},{"start":{},"end":{}}],"line":14},"2":{"loc":{"start":{"line":24,"column":2},"end":{"line":24,"column":null}},"type":"if","locations":[{"start":{"line":24,"column":2},"end":{"line":24,"column":null}},{"start":{},"end":{}}],"line":24}},"s":{"0":10,"1":9,"2":4,"3":5,"4":6,"5":0,"6":5,"7":5,"8":5,"9":5,"10":5,"11":10,"12":4,"13":6},"f":{"0":10,"1":9,"2":6,"3":5},"b":{"0":[4,5],"1":[0,6],"2":[4,6]},"meta":{"lastBranch":3,"lastFunction":4,"lastStatement":14,"seen":{"f:10:16:10:22":0,"s:11:2:22:Infinity":0,"f:11:2:11:18":1,"b:12:4:12:Infinity:undefined:undefined:undefined:undefined":0,"s:12:4:12:Infinity":1,"s:12:15:12:Infinity":2,"s:13:10:15:Infinity":3,"f:13:10:13:19":2,"b:14:6:14:Infinity:undefined:undefined:undefined:undefined":1,"s:14:6:14:Infinity":4,"s:14:30:14:Infinity":5,"s:16:4:16:Infinity":6,"s:17:4:17:Infinity":7,"s:18:4:21:Infinity":8,"f:18:4:18:17":3,"s:19:6:19:Infinity":9,"s:20:6:20:Infinity":10,"b:24:2:24:Infinity:undefined:undefined:undefined:undefined":2,"s:24:2:24:Infinity":11,"s:24:13:24:Infinity":12,"s:26:2:61:Infinity":13},"fnNames":{}}}
,"/Users/truongqk2302/Pets/expense-tracker/src/components/ui/Spinner.tsx": {"path":"/Users/truongqk2302/Pets/expense-tracker/src/components/ui/Spinner.tsx","statementMap":{"0":{"start":{"line":2,"column":2},"end":{"line":7,"column":null}}},"fnMap":{"0":{"name":"Spinner","decl":{"start":{"line":1,"column":16},"end":{"line":1,"column":24}},"loc":{"start":{"line":1,"column":68},"end":{"line":9,"column":null}},"line":1}},"branchMap":{"0":{"loc":{"start":{"line":1,"column":26},"end":{"line":1,"column":68}},"type":"default-arg","locations":[{"start":{"line":1,"column":38},"end":{"line":1,"column":68}}],"line":1}},"s":{"0":13},"f":{"0":13},"b":{"0":[13]},"meta":{"lastBranch":1,"lastFunction":1,"lastStatement":1,"seen":{"f:1:16:1:24":0,"b:1:38:1:68":0,"s:2:2:7:Infinity":0},"fnNames":{}}}
,"/Users/truongqk2302/Pets/expense-tracker/src/features/expenses/api.ts": {"path":"/Users/truongqk2302/Pets/expense-tracker/src/features/expenses/api.ts","statementMap":{"0":{"start":{"line":9,"column":14},"end":{"line":13,"column":null}},"1":{"start":{"line":15,"column":2},"end":{"line":15,"column":null}},"2":{"start":{"line":15,"column":24},"end":{"line":15,"column":null}},"3":{"start":{"line":16,"column":2},"end":{"line":16,"column":null}},"4":{"start":{"line":16,"column":20},"end":{"line":16,"column":null}},"5":{"start":{"line":17,"column":2},"end":{"line":17,"column":null}},"6":{"start":{"line":17,"column":18},"end":{"line":17,"column":null}},"7":{"start":{"line":19,"column":26},"end":{"line":19,"column":null}},"8":{"start":{"line":20,"column":2},"end":{"line":20,"column":null}},"9":{"start":{"line":20,"column":13},"end":{"line":20,"column":null}},"10":{"start":{"line":21,"column":2},"end":{"line":21,"column":null}},"11":{"start":{"line":27,"column":6},"end":{"line":27,"column":null}},"12":{"start":{"line":28,"column":2},"end":{"line":28,"column":null}},"13":{"start":{"line":28,"column":13},"end":{"line":28,"column":null}},"14":{"start":{"line":30,"column":26},"end":{"line":34,"column":null}},"15":{"start":{"line":36,"column":2},"end":{"line":36,"column":null}},"16":{"start":{"line":36,"column":13},"end":{"line":36,"column":null}},"17":{"start":{"line":37,"column":2},"end":{"line":37,"column":null}},"18":{"start":{"line":44,"column":26},"end":{"line":49,"column":null}},"19":{"start":{"line":51,"column":2},"end":{"line":51,"column":null}},"20":{"start":{"line":51,"column":13},"end":{"line":51,"column":null}},"21":{"start":{"line":52,"column":2},"end":{"line":52,"column":null}},"22":{"start":{"line":56,"column":20},"end":{"line":56,"column":null}},"23":{"start":{"line":57,"column":2},"end":{"line":57,"column":null}},"24":{"start":{"line":57,"column":13},"end":{"line":57,"column":null}}},"fnMap":{"0":{"name":"listExpenses","decl":{"start":{"line":8,"column":22},"end":{"line":8,"column":35}},"loc":{"start":{"line":8,"column":80},"end":{"line":22,"column":null}},"line":8},"1":{"name":"createExpense","decl":{"start":{"line":24,"column":22},"end":{"line":24,"column":36}},"loc":{"start":{"line":24,"column":75},"end":{"line":38,"column":null}},"line":24},"2":{"name":"updateExpense","decl":{"start":{"line":40,"column":22},"end":{"line":40,"column":null}},"loc":{"start":{"line":43,"column":20},"end":{"line":53,"column":null}},"line":43},"3":{"name":"deleteExpense","decl":{"start":{"line":55,"column":22},"end":{"line":55,"column":36}},"loc":{"start":{"line":55,"column":63},"end":{"line":58,"column":null}},"line":55}},"branchMap":{"0":{"loc":{"start":{"line":15,"column":2},"end":{"line":15,"column":null}},"type":"if","locations":[{"start":{"line":15,"column":2},"end":{"line":15,"column":null}},{"start":{},"end":{}}],"line":15},"1":{"loc":{"start":{"line":16,"column":2},"end":{"line":16,"column":null}},"type":"if","locations":[{"start":{"line":16,"column":2},"end":{"line":16,"column":null}},{"start":{},"end":{}}],"line":16},"2":{"loc":{"start":{"line":17,"column":2},"end":{"line":17,"column":null}},"type":"if","locations":[{"start":{"line":17,"column":2},"end":{"line":17,"column":null}},{"start":{},"end":{}}],"line":17},"3":{"loc":{"start":{"line":20,"column":2},"end":{"line":20,"column":null}},"type":"if","locations":[{"start":{"line":20,"column":2},"end":{"line":20,"column":null}},{"start":{},"end":{}}],"line":20},"4":{"loc":{"start":{"line":21,"column":9},"end":{"line":21,"column":null}},"type":"binary-expr","locations":[{"start":{"line":21,"column":9},"end":{"line":21,"column":17}},{"start":{"line":21,"column":17},"end":{"line":21,"column":null}}],"line":21},"5":{"loc":{"start":{"line":28,"column":2},"end":{"line":28,"column":null}},"type":"if","locations":[{"start":{"line":28,"column":2},"end":{"line":28,"column":null}},{"start":{},"end":{}}],"line":28},"6":{"loc":{"start":{"line":36,"column":2},"end":{"line":36,"column":null}},"type":"if","locations":[{"start":{"line":36,"column":2},"end":{"line":36,"column":null}},{"start":{},"end":{}}],"line":36},"7":{"loc":{"start":{"line":51,"column":2},"end":{"line":51,"column":null}},"type":"if","locations":[{"start":{"line":51,"column":2},"end":{"line":51,"column":null}},{"start":{},"end":{}}],"line":51},"8":{"loc":{"start":{"line":57,"column":2},"end":{"line":57,"column":null}},"type":"if","locations":[{"start":{"line":57,"column":2},"end":{"line":57,"column":null}},{"start":{},"end":{}}],"line":57}},"s":{"0":4,"1":4,"2":1,"3":4,"4":1,"5":4,"6":1,"7":4,"8":4,"9":1,"10":3,"11":3,"12":3,"13":1,"14":2,"15":2,"16":1,"17":1,"18":1,"19":1,"20":0,"21":1,"22":2,"23":2,"24":1},"f":{"0":4,"1":3,"2":1,"3":2},"b":{"0":[1,3],"1":[1,3],"2":[1,3],"3":[1,3],"4":[3,1],"5":[1,2],"6":[1,1],"7":[0,1],"8":[1,1]},"meta":{"lastBranch":9,"lastFunction":4,"lastStatement":25,"seen":{"f:8:22:8:35":0,"s:9:14:13:Infinity":0,"b:15:2:15:Infinity:undefined:undefined:undefined:undefined":0,"s:15:2:15:Infinity":1,"s:15:24:15:Infinity":2,"b:16:2:16:Infinity:undefined:undefined:undefined:undefined":1,"s:16:2:16:Infinity":3,"s:16:20:16:Infinity":4,"b:17:2:17:Infinity:undefined:undefined:undefined:undefined":2,"s:17:2:17:Infinity":5,"s:17:18:17:Infinity":6,"s:19:26:19:Infinity":7,"b:20:2:20:Infinity:undefined:undefined:undefined:undefined":3,"s:20:2:20:Infinity":8,"s:20:13:20:Infinity":9,"s:21:2:21:Infinity":10,"b:21:9:21:17:21:17:21:Infinity":4,"f:24:22:24:36":1,"s:27:6:27:Infinity":11,"b:28:2:28:Infinity:undefined:undefined:undefined:undefined":5,"s:28:2:28:Infinity":12,"s:28:13:28:Infinity":13,"s:30:26:34:Infinity":14,"b:36:2:36:Infinity:undefined:undefined:undefined:undefined":6,"s:36:2:36:Infinity":15,"s:36:13:36:Infinity":16,"s:37:2:37:Infinity":17,"f:40:22:40:Infinity":2,"s:44:26:49:Infinity":18,"b:51:2:51:Infinity:undefined:undefined:undefined:undefined":7,"s:51:2:51:Infinity":19,"s:51:13:51:Infinity":20,"s:52:2:52:Infinity":21,"f:55:22:55:36":3,"s:56:20:56:Infinity":22,"b:57:2:57:Infinity:undefined:undefined:undefined:undefined":8,"s:57:2:57:Infinity":23,"s:57:13:57:Infinity":24},"fnNames":{}}}
,"/Users/truongqk2302/Pets/expense-tracker/src/features/expenses/hooks.ts": {"path":"/Users/truongqk2302/Pets/expense-tracker/src/features/expenses/hooks.ts","statementMap":{"0":{"start":{"line":16,"column":12},"end":{"line":16,"column":null}},"1":{"start":{"line":19,"column":2},"end":{"line":19,"column":null}},"2":{"start":{"line":23,"column":18},"end":{"line":23,"column":null}},"3":{"start":{"line":23,"column":36},"end":{"line":23,"column":45}},"4":{"start":{"line":24,"column":2},"end":{"line":27,"column":null}},"5":{"start":{"line":26,"column":19},"end":{"line":26,"column":null}},"6":{"start":{"line":31,"column":13},"end":{"line":31,"column":28}},"7":{"start":{"line":32,"column":2},"end":{"line":32,"column":null}},"8":{"start":{"line":32,"column":15},"end":{"line":32,"column":null}},"9":{"start":{"line":36,"column":21},"end":{"line":36,"column":null}},"10":{"start":{"line":37,"column":2},"end":{"line":44,"column":null}},"11":{"start":{"line":38,"column":41},"end":{"line":38,"column":null}},"12":{"start":{"line":40,"column":6},"end":{"line":40,"column":null}},"13":{"start":{"line":41,"column":6},"end":{"line":41,"column":null}},"14":{"start":{"line":43,"column":27},"end":{"line":43,"column":null}},"15":{"start":{"line":48,"column":21},"end":{"line":48,"column":null}},"16":{"start":{"line":49,"column":2},"end":{"line":57,"column":null}},"17":{"start":{"line":51,"column":6},"end":{"line":51,"column":null}},"18":{"start":{"line":53,"column":6},"end":{"line":53,"column":null}},"19":{"start":{"line":54,"column":6},"end":{"line":54,"column":null}},"20":{"start":{"line":56,"column":27},"end":{"line":56,"column":null}},"21":{"start":{"line":61,"column":21},"end":{"line":61,"column":null}},"22":{"start":{"line":62,"column":2},"end":{"line":69,"column":null}},"23":{"start":{"line":63,"column":32},"end":{"line":63,"column":null}},"24":{"start":{"line":65,"column":6},"end":{"line":65,"column":null}},"25":{"start":{"line":66,"column":6},"end":{"line":66,"column":null}},"26":{"start":{"line":68,"column":27},"end":{"line":68,"column":null}}},"fnMap":{"0":{"name":"expensesKey","decl":{"start":{"line":18,"column":16},"end":{"line":18,"column":28}},"loc":{"start":{"line":18,"column":53},"end":{"line":20,"column":null}},"line":18},"1":{"name":"useExpenses","decl":{"start":{"line":22,"column":16},"end":{"line":22,"column":30}},"loc":{"start":{"line":22,"column":30},"end":{"line":28,"column":null}},"line":22},"2":{"name":"(anonymous_2)","decl":{"start":{"line":23,"column":18},"end":{"line":23,"column":30}},"loc":{"start":{"line":23,"column":36},"end":{"line":23,"column":45}},"line":23},"3":{"name":"(anonymous_3)","decl":{"start":{"line":26,"column":4},"end":{"line":26,"column":19}},"loc":{"start":{"line":26,"column":19},"end":{"line":26,"column":null}},"line":26},"4":{"name":"useInvalidate","decl":{"start":{"line":30,"column":9},"end":{"line":30,"column":25}},"loc":{"start":{"line":30,"column":25},"end":{"line":33,"column":null}},"line":30},"5":{"name":"(anonymous_5)","decl":{"start":{"line":32,"column":2},"end":{"line":32,"column":15}},"loc":{"start":{"line":32,"column":15},"end":{"line":32,"column":null}},"line":32},"6":{"name":"useCreateExpense","decl":{"start":{"line":35,"column":16},"end":{"line":35,"column":35}},"loc":{"start":{"line":35,"column":35},"end":{"line":45,"column":null}},"line":35},"7":{"name":"(anonymous_7)","decl":{"start":{"line":38,"column":4},"end":{"line":38,"column":17}},"loc":{"start":{"line":38,"column":41},"end":{"line":38,"column":null}},"line":38},"8":{"name":"(anonymous_8)","decl":{"start":{"line":39,"column":4},"end":{"line":39,"column":21}},"loc":{"start":{"line":39,"column":21},"end":{"line":42,"column":null}},"line":39},"9":{"name":"(anonymous_9)","decl":{"start":{"line":43,"column":4},"end":{"line":43,"column":14}},"loc":{"start":{"line":43,"column":27},"end":{"line":43,"column":null}},"line":43},"10":{"name":"useUpdateExpense","decl":{"start":{"line":47,"column":16},"end":{"line":47,"column":35}},"loc":{"start":{"line":47,"column":35},"end":{"line":58,"column":null}},"line":47},"11":{"name":"(anonymous_11)","decl":{"start":{"line":50,"column":4},"end":{"line":50,"column":17}},"loc":{"start":{"line":51,"column":6},"end":{"line":51,"column":null}},"line":51},"12":{"name":"(anonymous_12)","decl":{"start":{"line":52,"column":4},"end":{"line":52,"column":21}},"loc":{"start":{"line":52,"column":21},"end":{"line":55,"column":null}},"line":52},"13":{"name":"(anonymous_13)","decl":{"start":{"line":56,"column":4},"end":{"line":56,"column":14}},"loc":{"start":{"line":56,"column":27},"end":{"line":56,"column":null}},"line":56},"14":{"name":"useDeleteExpense","decl":{"start":{"line":60,"column":16},"end":{"line":60,"column":35}},"loc":{"start":{"line":60,"column":35},"end":{"line":70,"column":null}},"line":60},"15":{"name":"(anonymous_15)","decl":{"start":{"line":63,"column":4},"end":{"line":63,"column":17}},"loc":{"start":{"line":63,"column":32},"end":{"line":63,"column":null}},"line":63},"16":{"name":"(anonymous_16)","decl":{"start":{"line":64,"column":4},"end":{"line":64,"column":21}},"loc":{"start":{"line":64,"column":21},"end":{"line":67,"column":null}},"line":64},"17":{"name":"(anonymous_17)","decl":{"start":{"line":68,"column":4},"end":{"line":68,"column":14}},"loc":{"start":{"line":68,"column":27},"end":{"line":68,"column":null}},"line":68}},"branchMap":{},"s":{"0":4,"1":26,"2":26,"3":83,"4":26,"5":14,"6":16,"7":16,"8":3,"9":6,"10":6,"11":2,"12":1,"13":1,"14":1,"15":6,"16":6,"17":1,"18":1,"19":1,"20":0,"21":4,"22":4,"23":1,"24":1,"25":1,"26":0},"f":{"0":26,"1":26,"2":83,"3":14,"4":16,"5":3,"6":6,"7":2,"8":1,"9":1,"10":6,"11":1,"12":1,"13":0,"14":4,"15":1,"16":1,"17":0},"b":{},"meta":{"lastBranch":0,"lastFunction":18,"lastStatement":27,"seen":{"s:16:12:16:Infinity":0,"f:18:16:18:28":0,"s:19:2:19:Infinity":1,"f:22:16:22:30":1,"s:23:18:23:Infinity":2,"f:23:18:23:30":2,"s:23:36:23:45":3,"s:24:2:27:Infinity":4,"f:26:4:26:19":3,"s:26:19:26:Infinity":5,"f:30:9:30:25":4,"s:31:13:31:28":6,"s:32:2:32:Infinity":7,"f:32:2:32:15":5,"s:32:15:32:Infinity":8,"f:35:16:35:35":6,"s:36:21:36:Infinity":9,"s:37:2:44:Infinity":10,"f:38:4:38:17":7,"s:38:41:38:Infinity":11,"f:39:4:39:21":8,"s:40:6:40:Infinity":12,"s:41:6:41:Infinity":13,"f:43:4:43:14":9,"s:43:27:43:Infinity":14,"f:47:16:47:35":10,"s:48:21:48:Infinity":15,"s:49:2:57:Infinity":16,"f:50:4:50:17":11,"s:51:6:51:Infinity":17,"f:52:4:52:21":12,"s:53:6:53:Infinity":18,"s:54:6:54:Infinity":19,"f:56:4:56:14":13,"s:56:27:56:Infinity":20,"f:60:16:60:35":14,"s:61:21:61:Infinity":21,"s:62:2:69:Infinity":22,"f:63:4:63:17":15,"s:63:32:63:Infinity":23,"f:64:4:64:21":16,"s:65:6:65:Infinity":24,"s:66:6:66:Infinity":25,"f:68:4:68:14":17,"s:68:27:68:Infinity":26},"fnNames":{}}}
,"/Users/truongqk2302/Pets/expense-tracker/src/features/expenses/components/DeleteConfirm.tsx": {"path":"/Users/truongqk2302/Pets/expense-tracker/src/features/expenses/components/DeleteConfirm.tsx","statementMap":{"0":{"start":{"line":9,"column":17},"end":{"line":9,"column":null}},"1":{"start":{"line":9,"column":35},"end":{"line":9,"column":49}},"2":{"start":{"line":10,"column":17},"end":{"line":10,"column":null}},"3":{"start":{"line":10,"column":35},"end":{"line":10,"column":49}},"4":{"start":{"line":11,"column":14},"end":{"line":11,"column":31}},"5":{"start":{"line":13,"column":8},"end":{"line":16,"column":null}},"6":{"start":{"line":14,"column":4},"end":{"line":14,"column":null}},"7":{"start":{"line":14,"column":17},"end":{"line":14,"column":null}},"8":{"start":{"line":15,"column":4},"end":{"line":15,"column":null}},"9":{"start":{"line":15,"column":45},"end":{"line":15,"column":54}},"10":{"start":{"line":18,"column":2},"end":{"line":44,"column":null}}},"fnMap":{"0":{"name":"DeleteConfirm","decl":{"start":{"line":8,"column":16},"end":{"line":8,"column":32}},"loc":{"start":{"line":8,"column":32},"end":{"line":46,"column":null}},"line":8},"1":{"name":"(anonymous_1)","decl":{"start":{"line":9,"column":17},"end":{"line":9,"column":29}},"loc":{"start":{"line":9,"column":35},"end":{"line":9,"column":49}},"line":9},"2":{"name":"(anonymous_2)","decl":{"start":{"line":10,"column":17},"end":{"line":10,"column":29}},"loc":{"start":{"line":10,"column":35},"end":{"line":10,"column":49}},"line":10},"3":{"name":"(anonymous_3)","decl":{"start":{"line":13,"column":8},"end":{"line":13,"column":24}},"loc":{"start":{"line":13,"column":24},"end":{"line":16,"column":null}},"line":13},"4":{"name":"(anonymous_4)","decl":{"start":{"line":15,"column":28},"end":{"line":15,"column":45}},"loc":{"start":{"line":15,"column":45},"end":{"line":15,"column":54}},"line":15}},"branchMap":{"0":{"loc":{"start":{"line":14,"column":4},"end":{"line":14,"column":null}},"type":"if","locations":[{"start":{"line":14,"column":4},"end":{"line":14,"column":null}},{"start":{},"end":{}}],"line":14},"1":{"loc":{"start":{"line":20,"column":7},"end":{"line":42,"column":null}},"type":"binary-expr","locations":[{"start":{"line":20,"column":7},"end":{"line":20,"column":null}},{"start":{"line":21,"column":8},"end":{"line":42,"column":null}}],"line":20}},"s":{"0":4,"1":14,"2":4,"3":14,"4":4,"5":4,"6":1,"7":0,"8":1,"9":1,"10":4},"f":{"0":4,"1":14,"2":14,"3":1,"4":1},"b":{"0":[0,1],"1":[4,2]},"meta":{"lastBranch":2,"lastFunction":5,"lastStatement":11,"seen":{"f:8:16:8:32":0,"s:9:17:9:Infinity":0,"f:9:17:9:29":1,"s:9:35:9:49":1,"s:10:17:10:Infinity":2,"f:10:17:10:29":2,"s:10:35:10:49":3,"s:11:14:11:31":4,"s:13:8:16:Infinity":5,"f:13:8:13:24":3,"b:14:4:14:Infinity:undefined:undefined:undefined:undefined":0,"s:14:4:14:Infinity":6,"s:14:17:14:Infinity":7,"s:15:4:15:Infinity":8,"f:15:28:15:45":4,"s:15:45:15:54":9,"s:18:2:44:Infinity":10,"b:20:7:20:Infinity:21:8:42:Infinity":1},"fnNames":{}}}
,"/Users/truongqk2302/Pets/expense-tracker/src/features/expenses/components/ExpenseForm.schema.ts": {"path":"/Users/truongqk2302/Pets/expense-tracker/src/features/expenses/components/ExpenseForm.schema.ts","statementMap":{"0":{"start":{"line":5,"column":33},"end":{"line":12,"column":null}}},"fnMap":{},"branchMap":{},"s":{"0":3},"f":{},"b":{},"meta":{"lastBranch":0,"lastFunction":0,"lastStatement":1,"seen":{"s:5:33:12:Infinity":0},"fnNames":{}}}
,"/Users/truongqk2302/Pets/expense-tracker/src/features/expenses/components/ExpenseForm.tsx": {"path":"/Users/truongqk2302/Pets/expense-tracker/src/features/expenses/components/ExpenseForm.tsx","statementMap":{"0":{"start":{"line":29,"column":6},"end":{"line":37,"column":null}},"1":{"start":{"line":39,"column":8},"end":{"line":46,"column":null}},"2":{"start":{"line":40,"column":4},"end":{"line":45,"column":null}},"3":{"start":{"line":48,"column":2},"end":{"line":119,"column":null}},"4":{"start":{"line":75,"column":12},"end":{"line":77,"column":null}}},"fnMap":{"0":{"name":"ExpenseForm","decl":{"start":{"line":19,"column":16},"end":{"line":19,"column":28}},"loc":{"start":{"line":24,"column":21},"end":{"line":121,"column":null}},"line":24},"1":{"name":"(anonymous_1)","decl":{"start":{"line":39,"column":8},"end":{"line":39,"column":18}},"loc":{"start":{"line":39,"column":41},"end":{"line":46,"column":null}},"line":39},"2":{"name":"(anonymous_2)","decl":{"start":{"line":74,"column":22},"end":{"line":74,"column":27}},"loc":{"start":{"line":75,"column":12},"end":{"line":77,"column":null}},"line":75}},"branchMap":{"0":{"loc":{"start":{"line":32,"column":14},"end":{"line":32,"column":null}},"type":"binary-expr","locations":[{"start":{"line":32,"column":14},"end":{"line":32,"column":33}},{"start":{"line":32,"column":33},"end":{"line":32,"column":null}}],"line":32},"1":{"loc":{"start":{"line":33,"column":17},"end":{"line":33,"column":null}},"type":"binary-expr","locations":[{"start":{"line":33,"column":17},"end":{"line":33,"column":65}},{"start":{"line":33,"column":65},"end":{"line":33,"column":null}}],"line":33},"2":{"loc":{"start":{"line":34,"column":16},"end":{"line":34,"column":46}},"type":"binary-expr","locations":[{"start":{"line":34,"column":16},"end":{"line":34,"column":37}},{"start":{"line":34,"column":37},"end":{"line":34,"column":46}}],"line":34},"3":{"loc":{"start":{"line":35,"column":12},"end":{"line":35,"column":null}},"type":"binary-expr","locations":[{"start":{"line":35,"column":12},"end":{"line":35,"column":29}},{"start":{"line":35,"column":29},"end":{"line":35,"column":null}}],"line":35},"4":{"loc":{"start":{"line":44,"column":12},"end":{"line":44,"column":null}},"type":"cond-expr","locations":[{"start":{"line":44,"column":34},"end":{"line":44,"column":55}},{"start":{"line":44,"column":55},"end":{"line":44,"column":null}}],"line":44},"5":{"loc":{"start":{"line":116,"column":11},"end":{"line":116,"column":null}},"type":"cond-expr","locations":[{"start":{"line":116,"column":21},"end":{"line":116,"column":38}},{"start":{"line":116,"column":38},"end":{"line":116,"column":null}}],"line":116}},"s":{"0":26,"1":26,"2":6,"3":26,"4":182},"f":{"0":26,"1":6,"2":182},"b":{"0":[26,21],"1":[26,21],"2":[26,21],"3":[26,24],"4":[2,4],"5":[5,21]},"meta":{"lastBranch":6,"lastFunction":3,"lastStatement":5,"seen":{"f:19:16:19:28":0,"s:29:6:37:Infinity":0,"b:32:14:32:33:32:33:32:Infinity":0,"b:33:17:33:65:33:65:33:Infinity":1,"b:34:16:34:37:34:37:34:46":2,"b:35:12:35:29:35:29:35:Infinity":3,"s:39:8:46:Infinity":1,"f:39:8:39:18":1,"s:40:4:45:Infinity":2,"b:44:34:44:55:44:55:44:Infinity":4,"s:48:2:119:Infinity":3,"f:74:22:74:27":2,"s:75:12:77:Infinity":4,"b:116:21:116:38:116:38:116:Infinity":5},"fnNames":{}}}
,"/Users/truongqk2302/Pets/expense-tracker/src/features/expenses/components/ExpenseFormModal.tsx": {"path":"/Users/truongqk2302/Pets/expense-tracker/src/features/expenses/components/ExpenseFormModal.tsx","statementMap":{"0":{"start":{"line":8,"column":15},"end":{"line":8,"column":null}},"1":{"start":{"line":8,"column":33},"end":{"line":8,"column":43}},"2":{"start":{"line":9,"column":17},"end":{"line":9,"column":null}},"3":{"start":{"line":9,"column":35},"end":{"line":9,"column":47}},"4":{"start":{"line":10,"column":16},"end":{"line":10,"column":null}},"5":{"start":{"line":10,"column":34},"end":{"line":10,"column":45}},"6":{"start":{"line":12,"column":17},"end":{"line":12,"column":34}},"7":{"start":{"line":13,"column":17},"end":{"line":13,"column":34}},"8":{"start":{"line":15,"column":8},"end":{"line":24,"column":null}},"9":{"start":{"line":16,"column":4},"end":{"line":23,"column":null}},"10":{"start":{"line":17,"column":6},"end":{"line":20,"column":null}},"11":{"start":{"line":19,"column":27},"end":{"line":19,"column":35}},"12":{"start":{"line":22,"column":6},"end":{"line":22,"column":null}},"13":{"start":{"line":22,"column":46},"end":{"line":22,"column":54}},"14":{"start":{"line":26,"column":2},"end":{"line":40,"column":null}}},"fnMap":{"0":{"name":"ExpenseFormModal","decl":{"start":{"line":7,"column":16},"end":{"line":7,"column":35}},"loc":{"start":{"line":7,"column":35},"end":{"line":42,"column":null}},"line":7},"1":{"name":"(anonymous_1)","decl":{"start":{"line":8,"column":15},"end":{"line":8,"column":27}},"loc":{"start":{"line":8,"column":33},"end":{"line":8,"column":43}},"line":8},"2":{"name":"(anonymous_2)","decl":{"start":{"line":9,"column":17},"end":{"line":9,"column":29}},"loc":{"start":{"line":9,"column":35},"end":{"line":9,"column":47}},"line":9},"3":{"name":"(anonymous_3)","decl":{"start":{"line":10,"column":16},"end":{"line":10,"column":28}},"loc":{"start":{"line":10,"column":34},"end":{"line":10,"column":45}},"line":10},"4":{"name":"(anonymous_4)","decl":{"start":{"line":15,"column":8},"end":{"line":15,"column":24}},"loc":{"start":{"line":15,"column":48},"end":{"line":24,"column":null}},"line":15},"5":{"name":"(anonymous_5)","decl":{"start":{"line":19,"column":10},"end":{"line":19,"column":27}},"loc":{"start":{"line":19,"column":27},"end":{"line":19,"column":35}},"line":19},"6":{"name":"(anonymous_6)","decl":{"start":{"line":22,"column":29},"end":{"line":22,"column":46}},"loc":{"start":{"line":22,"column":46},"end":{"line":22,"column":54}},"line":22}},"branchMap":{"0":{"loc":{"start":{"line":16,"column":4},"end":{"line":23,"column":null}},"type":"if","locations":[{"start":{"line":16,"column":4},"end":{"line":23,"column":null}},{"start":{"line":21,"column":11},"end":{"line":23,"column":null}}],"line":16},"1":{"loc":{"start":{"line":30,"column":13},"end":{"line":30,"column":null}},"type":"cond-expr","locations":[{"start":{"line":30,"column":22},"end":{"line":30,"column":39}},{"start":{"line":30,"column":39},"end":{"line":30,"column":null}}],"line":30},"2":{"loc":{"start":{"line":36,"column":20},"end":{"line":36,"column":null}},"type":"binary-expr","locations":[{"start":{"line":36,"column":20},"end":{"line":36,"column":40}},{"start":{"line":36,"column":40},"end":{"line":36,"column":null}}],"line":36},"3":{"loc":{"start":{"line":34,"column":13},"end":{"line":34,"column":null}},"type":"binary-expr","locations":[{"start":{"line":34,"column":13},"end":{"line":34,"column":27}},{"start":{"line":34,"column":27},"end":{"line":34,"column":null}}],"line":34}},"s":{"0":6,"1":20,"2":6,"3":20,"4":6,"5":20,"6":6,"7":6,"8":6,"9":3,"10":1,"11":1,"12":2,"13":1,"14":6},"f":{"0":6,"1":20,"2":20,"3":20,"4":3,"5":1,"6":1},"b":{"0":[1,2],"1":[1,5],"2":[6,6],"3":[6,5]},"meta":{"lastBranch":4,"lastFunction":7,"lastStatement":15,"seen":{"f:7:16:7:35":0,"s:8:15:8:Infinity":0,"f:8:15:8:27":1,"s:8:33:8:43":1,"s:9:17:9:Infinity":2,"f:9:17:9:29":2,"s:9:35:9:47":3,"s:10:16:10:Infinity":4,"f:10:16:10:28":3,"s:10:34:10:45":5,"s:12:17:12:34":6,"s:13:17:13:34":7,"s:15:8:24:Infinity":8,"f:15:8:15:24":4,"b:16:4:23:Infinity:21:11:23:Infinity":0,"s:16:4:23:Infinity":9,"s:17:6:20:Infinity":10,"f:19:10:19:27":5,"s:19:27:19:35":11,"s:22:6:22:Infinity":12,"f:22:29:22:46":6,"s:22:46:22:54":13,"s:26:2:40:Infinity":14,"b:30:22:30:39:30:39:30:Infinity":1,"b:36:20:36:40:36:40:36:Infinity":2,"b:34:13:34:27:34:27:34:Infinity":3},"fnNames":{}}}
,"/Users/truongqk2302/Pets/expense-tracker/src/features/expenses/components/ExpenseList.tsx": {"path":"/Users/truongqk2302/Pets/expense-tracker/src/features/expenses/components/ExpenseList.tsx","statementMap":{"0":{"start":{"line":8,"column":67},"end":{"line":8,"column":79}},"1":{"start":{"line":9,"column":25},"end":{"line":9,"column":null}},"2":{"start":{"line":9,"column":43},"end":{"line":9,"column":59}},"3":{"start":{"line":10,"column":18},"end":{"line":10,"column":null}},"4":{"start":{"line":10,"column":36},"end":{"line":10,"column":45}},"5":{"start":{"line":11,"column":21},"end":{"line":11,"column":null}},"6":{"start":{"line":13,"column":2},"end":{"line":51,"column":null}},"7":{"start":{"line":33,"column":27},"end":{"line":33,"column":null}},"8":{"start":{"line":47,"column":12},"end":{"line":47,"column":null}},"9":{"start":{"line":64,"column":2},"end":{"line":89,"column":null}}},"fnMap":{"0":{"name":"ExpenseList","decl":{"start":{"line":7,"column":16},"end":{"line":7,"column":30}},"loc":{"start":{"line":7,"column":30},"end":{"line":53,"column":null}},"line":7},"1":{"name":"(anonymous_1)","decl":{"start":{"line":9,"column":25},"end":{"line":9,"column":37}},"loc":{"start":{"line":9,"column":43},"end":{"line":9,"column":59}},"line":9},"2":{"name":"(anonymous_2)","decl":{"start":{"line":10,"column":18},"end":{"line":10,"column":30}},"loc":{"start":{"line":10,"column":36},"end":{"line":10,"column":45}},"line":10},"3":{"name":"(anonymous_3)","decl":{"start":{"line":33,"column":12},"end":{"line":33,"column":27}},"loc":{"start":{"line":33,"column":27},"end":{"line":33,"column":null}},"line":33},"4":{"name":"(anonymous_4)","decl":{"start":{"line":46,"column":16},"end":{"line":46,"column":21}},"loc":{"start":{"line":47,"column":12},"end":{"line":47,"column":null}},"line":47},"5":{"name":"EmptyState","decl":{"start":{"line":55,"column":9},"end":{"line":55,"column":20}},"loc":{"start":{"line":63,"column":3},"end":{"line":91,"column":null}},"line":63}},"branchMap":{"0":{"loc":{"start":{"line":11,"column":29},"end":{"line":11,"column":75}},"type":"binary-expr","locations":[{"start":{"line":11,"column":29},"end":{"line":11,"column":49}},{"start":{"line":11,"column":49},"end":{"line":11,"column":65}},{"start":{"line":11,"column":65},"end":{"line":11,"column":75}}],"line":11},"1":{"loc":{"start":{"line":17,"column":9},"end":{"line":18,"column":null}},"type":"binary-expr","locations":[{"start":{"line":17,"column":9},"end":{"line":17,"column":23}},{"start":{"line":17,"column":23},"end":{"line":17,"column":37}},{"start":{"line":17,"column":37},"end":{"line":18,"column":null}}],"line":17},"2":{"loc":{"start":{"line":20,"column":7},"end":{"line":51,"column":null}},"type":"cond-expr","locations":[{"start":{"line":21,"column":8},"end":{"line":24,"column":null}},{"start":{"line":24,"column":10},"end":{"line":51,"column":null}}],"line":20},"3":{"loc":{"start":{"line":24,"column":10},"end":{"line":51,"column":null}},"type":"cond-expr","locations":[{"start":{"line":25,"column":8},"end":{"line":38,"column":15}},{"start":{"line":38,"column":10},"end":{"line":51,"column":null}}],"line":24},"4":{"loc":{"start":{"line":27,"column":14},"end":{"line":27,"column":null}},"type":"binary-expr","locations":[{"start":{"line":27,"column":14},"end":{"line":27,"column":42}},{"start":{"line":27,"column":42},"end":{"line":27,"column":null}}],"line":27},"5":{"loc":{"start":{"line":38,"column":10},"end":{"line":51,"column":null}},"type":"cond-expr","locations":[{"start":{"line":39,"column":8},"end":{"line":45,"column":9}},{"start":{"line":45,"column":8},"end":{"line":51,"column":null}}],"line":38},"6":{"loc":{"start":{"line":72,"column":7},"end":{"line":89,"column":null}},"type":"cond-expr","locations":[{"start":{"line":73,"column":8},"end":{"line":81,"column":null}},{"start":{"line":81,"column":8},"end":{"line":89,"column":null}}],"line":72}},"s":{"0":26,"1":26,"2":83,"3":26,"4":83,"5":26,"6":26,"7":1,"8":3,"9":11},"f":{"0":26,"1":83,"2":83,"3":1,"4":3,"5":11},"b":{"0":[26,20,16],"1":[26,13,1],"2":[12,14],"3":[1,13],"4":[1,0],"5":[11,2],"6":[5,6]},"meta":{"lastBranch":7,"lastFunction":6,"lastStatement":10,"seen":{"f:7:16:7:30":0,"s:8:67:8:79":0,"s:9:25:9:Infinity":1,"f:9:25:9:37":1,"s:9:43:9:59":2,"s:10:18:10:Infinity":3,"f:10:18:10:30":2,"s:10:36:10:45":4,"s:11:21:11:Infinity":5,"b:11:29:11:49:11:49:11:65:11:65:11:75":0,"s:13:2:51:Infinity":6,"b:17:9:17:23:17:23:17:37:17:37:18:Infinity":1,"b:21:8:24:Infinity:24:10:51:Infinity":2,"b:25:8:38:15:38:10:51:Infinity":3,"b:27:14:27:42:27:42:27:Infinity":4,"f:33:12:33:27":3,"s:33:27:33:Infinity":7,"b:39:8:45:9:45:8:51:Infinity":5,"f:46:16:46:21":4,"s:47:12:47:Infinity":8,"f:55:9:55:20":5,"s:64:2:89:Infinity":9,"b:73:8:81:Infinity:81:8:89:Infinity":6},"fnNames":{}}}
,"/Users/truongqk2302/Pets/expense-tracker/src/features/expenses/components/ExpenseRow.tsx": {"path":"/Users/truongqk2302/Pets/expense-tracker/src/features/expenses/components/ExpenseRow.tsx","statementMap":{"0":{"start":{"line":7,"column":23},"end":{"line":7,"column":null}},"1":{"start":{"line":7,"column":41},"end":{"line":7,"column":55}},"2":{"start":{"line":8,"column":24},"end":{"line":8,"column":null}},"3":{"start":{"line":8,"column":42},"end":{"line":8,"column":57}},"4":{"start":{"line":9,"column":19},"end":{"line":9,"column":null}},"5":{"start":{"line":11,"column":2},"end":{"line":53,"column":null}},"6":{"start":{"line":34,"column":25},"end":{"line":34,"column":null}},"7":{"start":{"line":44,"column":25},"end":{"line":44,"column":null}}},"fnMap":{"0":{"name":"ExpenseRow","decl":{"start":{"line":6,"column":16},"end":{"line":6,"column":27}},"loc":{"start":{"line":6,"column":62},"end":{"line":55,"column":null}},"line":6},"1":{"name":"(anonymous_1)","decl":{"start":{"line":7,"column":23},"end":{"line":7,"column":35}},"loc":{"start":{"line":7,"column":41},"end":{"line":7,"column":55}},"line":7},"2":{"name":"(anonymous_2)","decl":{"start":{"line":8,"column":24},"end":{"line":8,"column":36}},"loc":{"start":{"line":8,"column":42},"end":{"line":8,"column":57}},"line":8},"3":{"name":"(anonymous_3)","decl":{"start":{"line":34,"column":10},"end":{"line":34,"column":25}},"loc":{"start":{"line":34,"column":25},"end":{"line":34,"column":null}},"line":34},"4":{"name":"(anonymous_4)","decl":{"start":{"line":44,"column":10},"end":{"line":44,"column":25}},"loc":{"start":{"line":44,"column":25},"end":{"line":44,"column":null}},"line":44}},"branchMap":{"0":{"loc":{"start":{"line":21,"column":11},"end":{"line":21,"column":null}},"type":"binary-expr","locations":[{"start":{"line":21,"column":11},"end":{"line":21,"column":27}},{"start":{"line":21,"column":27},"end":{"line":21,"column":null}}],"line":21}},"s":{"0":3,"1":9,"2":3,"3":9,"4":3,"5":3,"6":0,"7":0},"f":{"0":3,"1":9,"2":9,"3":0,"4":0},"b":{"0":[3,0]},"meta":{"lastBranch":1,"lastFunction":5,"lastStatement":8,"seen":{"f:6:16:6:27":0,"s:7:23:7:Infinity":0,"f:7:23:7:35":1,"s:7:41:7:55":1,"s:8:24:8:Infinity":2,"f:8:24:8:36":2,"s:8:42:8:57":3,"s:9:19:9:Infinity":4,"s:11:2:53:Infinity":5,"b:21:11:21:27:21:27:21:Infinity":0,"f:34:10:34:25":3,"s:34:25:34:Infinity":6,"f:44:10:44:25":4,"s:44:25:44:Infinity":7},"fnNames":{}}}
,"/Users/truongqk2302/Pets/expense-tracker/src/features/expenses/components/Filters.tsx": {"path":"/Users/truongqk2302/Pets/expense-tracker/src/features/expenses/components/Filters.tsx","statementMap":{"0":{"start":{"line":7,"column":18},"end":{"line":7,"column":null}},"1":{"start":{"line":7,"column":36},"end":{"line":7,"column":45}},"2":{"start":{"line":8,"column":21},"end":{"line":8,"column":null}},"3":{"start":{"line":8,"column":39},"end":{"line":8,"column":51}},"4":{"start":{"line":9,"column":23},"end":{"line":9,"column":null}},"5":{"start":{"line":9,"column":41},"end":{"line":9,"column":55}},"6":{"start":{"line":10,"column":21},"end":{"line":10,"column":null}},"7":{"start":{"line":12,"column":2},"end":{"line":62,"column":null}},"8":{"start":{"line":29,"column":29},"end":{"line":29,"column":null}},"9":{"start":{"line":33,"column":14},"end":{"line":35,"column":null}},"10":{"start":{"line":47,"column":29},"end":{"line":47,"column":null}},"11":{"start":{"line":58,"column":29},"end":{"line":58,"column":null}}},"fnMap":{"0":{"name":"Filters","decl":{"start":{"line":6,"column":16},"end":{"line":6,"column":26}},"loc":{"start":{"line":6,"column":26},"end":{"line":64,"column":null}},"line":6},"1":{"name":"(anonymous_1)","decl":{"start":{"line":7,"column":18},"end":{"line":7,"column":30}},"loc":{"start":{"line":7,"column":36},"end":{"line":7,"column":45}},"line":7},"2":{"name":"(anonymous_2)","decl":{"start":{"line":8,"column":21},"end":{"line":8,"column":33}},"loc":{"start":{"line":8,"column":39},"end":{"line":8,"column":51}},"line":8},"3":{"name":"(anonymous_3)","decl":{"start":{"line":9,"column":23},"end":{"line":9,"column":35}},"loc":{"start":{"line":9,"column":41},"end":{"line":9,"column":55}},"line":9},"4":{"name":"(anonymous_4)","decl":{"start":{"line":29,"column":12},"end":{"line":29,"column":23}},"loc":{"start":{"line":29,"column":29},"end":{"line":29,"column":null}},"line":29},"5":{"name":"(anonymous_5)","decl":{"start":{"line":32,"column":24},"end":{"line":32,"column":29}},"loc":{"start":{"line":33,"column":14},"end":{"line":35,"column":null}},"line":33},"6":{"name":"(anonymous_6)","decl":{"start":{"line":47,"column":12},"end":{"line":47,"column":23}},"loc":{"start":{"line":47,"column":29},"end":{"line":47,"column":null}},"line":47},"7":{"name":"(anonymous_7)","decl":{"start":{"line":58,"column":12},"end":{"line":58,"column":23}},"loc":{"start":{"line":58,"column":29},"end":{"line":58,"column":null}},"line":58}},"branchMap":{"0":{"loc":{"start":{"line":10,"column":29},"end":{"line":10,"column":75}},"type":"binary-expr","locations":[{"start":{"line":10,"column":29},"end":{"line":10,"column":49}},{"start":{"line":10,"column":49},"end":{"line":10,"column":65}},{"start":{"line":10,"column":65},"end":{"line":10,"column":75}}],"line":10},"1":{"loc":{"start":{"line":16,"column":9},"end":{"line":21,"column":null}},"type":"binary-expr","locations":[{"start":{"line":16,"column":9},"end":{"line":16,"column":null}},{"start":{"line":17,"column":10},"end":{"line":21,"column":null}}],"line":16},"2":{"loc":{"start":{"line":46,"column":17},"end":{"line":46,"column":null}},"type":"binary-expr","locations":[{"start":{"line":46,"column":17},"end":{"line":46,"column":31}},{"start":{"line":46,"column":31},"end":{"line":46,"column":null}}],"line":46},"3":{"loc":{"start":{"line":57,"column":17},"end":{"line":57,"column":null}},"type":"binary-expr","locations":[{"start":{"line":57,"column":17},"end":{"line":57,"column":33}},{"start":{"line":57,"column":33},"end":{"line":57,"column":null}}],"line":57}},"s":{"0":8,"1":29,"2":8,"3":29,"4":8,"5":29,"6":8,"7":8,"8":2,"9":56,"10":1,"11":1},"f":{"0":8,"1":29,"2":29,"3":29,"4":2,"5":56,"6":1,"7":1},"b":{"0":[8,6,4],"1":[8,4],"2":[8,7],"3":[8,6]},"meta":{"lastBranch":4,"lastFunction":8,"lastStatement":12,"seen":{"f:6:16:6:26":0,"s:7:18:7:Infinity":0,"f:7:18:7:30":1,"s:7:36:7:45":1,"s:8:21:8:Infinity":2,"f:8:21:8:33":2,"s:8:39:8:51":3,"s:9:23:9:Infinity":4,"f:9:23:9:35":3,"s:9:41:9:55":5,"s:10:21:10:Infinity":6,"b:10:29:10:49:10:49:10:65:10:65:10:75":0,"s:12:2:62:Infinity":7,"b:16:9:16:Infinity:17:10:21:Infinity":1,"f:29:12:29:23":4,"s:29:29:29:Infinity":8,"f:32:24:32:29":5,"s:33:14:35:Infinity":9,"b:46:17:46:31:46:31:46:Infinity":2,"f:47:12:47:23":6,"s:47:29:47:Infinity":10,"b:57:17:57:33:57:33:57:Infinity":3,"f:58:12:58:23":7,"s:58:29:58:Infinity":11},"fnNames":{}}}
,"/Users/truongqk2302/Pets/expense-tracker/src/features/expenses/components/summarize.ts": {"path":"/Users/truongqk2302/Pets/expense-tracker/src/features/expenses/components/summarize.ts","statementMap":{"0":{"start":{"line":18,"column":21},"end":{"line":18,"column":37}},"1":{"start":{"line":19,"column":16},"end":{"line":19,"column":25}},"2":{"start":{"line":21,"column":19},"end":{"line":21,"column":null}},"3":{"start":{"line":22,"column":22},"end":{"line":22,"column":null}},"4":{"start":{"line":23,"column":21},"end":{"line":23,"column":null}},"5":{"start":{"line":25,"column":2},"end":{"line":29,"column":null}},"6":{"start":{"line":26,"column":4},"end":{"line":26,"column":null}},"7":{"start":{"line":27,"column":4},"end":{"line":27,"column":null}},"8":{"start":{"line":27,"column":57},"end":{"line":27,"column":null}},"9":{"start":{"line":28,"column":4},"end":{"line":28,"column":null}},"10":{"start":{"line":31,"column":44},"end":{"line":31,"column":null}},"11":{"start":{"line":32,"column":2},"end":{"line":37,"column":null}},"12":{"start":{"line":33,"column":4},"end":{"line":36,"column":null}},"13":{"start":{"line":34,"column":16},"end":{"line":34,"column":null}},"14":{"start":{"line":35,"column":6},"end":{"line":35,"column":null}},"15":{"start":{"line":39,"column":2},"end":{"line":39,"column":null}}},"fnMap":{"0":{"name":"summarize","decl":{"start":{"line":17,"column":16},"end":{"line":17,"column":26}},"loc":{"start":{"line":17,"column":56},"end":{"line":40,"column":null}},"line":17}},"branchMap":{"0":{"loc":{"start":{"line":27,"column":4},"end":{"line":27,"column":null}},"type":"if","locations":[{"start":{"line":27,"column":4},"end":{"line":27,"column":null}},{"start":{},"end":{}}],"line":27},"1":{"loc":{"start":{"line":27,"column":8},"end":{"line":27,"column":57}},"type":"binary-expr","locations":[{"start":{"line":27,"column":8},"end":{"line":27,"column":36}},{"start":{"line":27,"column":36},"end":{"line":27,"column":57}}],"line":27},"2":{"loc":{"start":{"line":28,"column":32},"end":{"line":28,"column":67}},"type":"binary-expr","locations":[{"start":{"line":28,"column":32},"end":{"line":28,"column":62}},{"start":{"line":28,"column":62},"end":{"line":28,"column":67}}],"line":28},"3":{"loc":{"start":{"line":33,"column":4},"end":{"line":36,"column":null}},"type":"if","locations":[{"start":{"line":33,"column":4},"end":{"line":36,"column":null}},{"start":{},"end":{}}],"line":33},"4":{"loc":{"start":{"line":33,"column":8},"end":{"line":33,"column":53}},"type":"binary-expr","locations":[{"start":{"line":33,"column":8},"end":{"line":33,"column":24}},{"start":{"line":33,"column":24},"end":{"line":33,"column":53}}],"line":33}},"s":{"0":5,"1":5,"2":5,"3":5,"4":5,"5":5,"6":12,"7":12,"8":10,"9":12,"10":5,"11":5,"12":5,"13":4,"14":4,"15":5},"f":{"0":5},"b":{"0":[10,2],"1":[12,11],"2":[12,5],"3":[4,1],"4":[5,1]},"meta":{"lastBranch":5,"lastFunction":1,"lastStatement":16,"seen":{"f:17:16:17:26":0,"s:18:21:18:37":0,"s:19:16:19:25":1,"s:21:19:21:Infinity":2,"s:22:22:22:Infinity":3,"s:23:21:23:Infinity":4,"s:25:2:29:Infinity":5,"s:26:4:26:Infinity":6,"b:27:4:27:Infinity:undefined:undefined:undefined:undefined":0,"s:27:4:27:Infinity":7,"b:27:8:27:36:27:36:27:57":1,"s:27:57:27:Infinity":8,"s:28:4:28:Infinity":9,"b:28:32:28:62:28:62:28:67":2,"s:31:44:31:Infinity":10,"s:32:2:37:Infinity":11,"b:33:4:36:Infinity:undefined:undefined:undefined:undefined":3,"s:33:4:36:Infinity":12,"b:33:8:33:24:33:24:33:53":4,"s:34:16:34:Infinity":13,"s:35:6:35:Infinity":14,"s:39:2:39:Infinity":15},"fnNames":{}}}
,"/Users/truongqk2302/Pets/expense-tracker/src/lib/categories.ts": {"path":"/Users/truongqk2302/Pets/expense-tracker/src/lib/categories.ts","statementMap":{"0":{"start":{"line":10,"column":38},"end":{"line":22,"column":null}},"1":{"start":{"line":24,"column":31},"end":{"line":24,"column":null}},"2":{"start":{"line":24,"column":53},"end":{"line":24,"column":60}},"3":{"start":{"line":29,"column":21},"end":{"line":29,"column":null}},"4":{"start":{"line":29,"column":51},"end":{"line":29,"column":63}},"5":{"start":{"line":32,"column":2},"end":{"line":37,"column":null}}},"fnMap":{"0":{"name":"(anonymous_0)","decl":{"start":{"line":24,"column":42},"end":{"line":24,"column":47}},"loc":{"start":{"line":24,"column":53},"end":{"line":24,"column":60}},"line":24},"1":{"name":"(anonymous_1)","decl":{"start":{"line":29,"column":40},"end":{"line":29,"column":45}},"loc":{"start":{"line":29,"column":51},"end":{"line":29,"column":63}},"line":29},"2":{"name":"getCategory","decl":{"start":{"line":31,"column":16},"end":{"line":31,"column":28}},"loc":{"start":{"line":31,"column":53},"end":{"line":39,"column":null}},"line":31}},"branchMap":{"0":{"loc":{"start":{"line":33,"column":4},"end":{"line":37,"column":null}},"type":"binary-expr","locations":[{"start":{"line":33,"column":4},"end":{"line":33,"column":31}},{"start":{"line":33,"column":31},"end":{"line":37,"column":null}}],"line":33}},"s":{"0":8,"1":8,"2":56,"3":8,"4":56,"5":11},"f":{"0":56,"1":56,"2":11},"b":{"0":[11,1]},"meta":{"lastBranch":1,"lastFunction":3,"lastStatement":6,"seen":{"s:10:38:22:Infinity":0,"s:24:31:24:Infinity":1,"f:24:42:24:47":0,"s:24:53:24:60":2,"s:29:21:29:Infinity":3,"f:29:40:29:45":1,"s:29:51:29:63":4,"f:31:16:31:28":2,"s:32:2:37:Infinity":5,"b:33:4:33:31:33:31:37:Infinity":0},"fnNames":{}}}
,"/Users/truongqk2302/Pets/expense-tracker/src/lib/format.ts": {"path":"/Users/truongqk2302/Pets/expense-tracker/src/lib/format.ts","statementMap":{"0":{"start":{"line":1,"column":20},"end":{"line":4,"column":null}},"1":{"start":{"line":7,"column":2},"end":{"line":7,"column":null}},"2":{"start":{"line":10,"column":16},"end":{"line":14,"column":null}},"3":{"start":{"line":18,"column":20},"end":{"line":18,"column":null}},"4":{"start":{"line":19,"column":2},"end":{"line":19,"column":null}},"5":{"start":{"line":19,"column":22},"end":{"line":19,"column":null}},"6":{"start":{"line":20,"column":2},"end":{"line":20,"column":null}},"7":{"start":{"line":25,"column":14},"end":{"line":25,"column":null}},"8":{"start":{"line":26,"column":12},"end":{"line":26,"column":null}},"9":{"start":{"line":27,"column":12},"end":{"line":27,"column":null}},"10":{"start":{"line":28,"column":12},"end":{"line":28,"column":null}},"11":{"start":{"line":29,"column":2},"end":{"line":29,"column":null}},"12":{"start":{"line":34,"column":14},"end":{"line":34,"column":null}},"13":{"start":{"line":35,"column":12},"end":{"line":35,"column":null}},"14":{"start":{"line":36,"column":12},"end":{"line":36,"column":null}},"15":{"start":{"line":37,"column":2},"end":{"line":37,"column":null}}},"fnMap":{"0":{"name":"formatCurrency","decl":{"start":{"line":6,"column":16},"end":{"line":6,"column":31}},"loc":{"start":{"line":6,"column":55},"end":{"line":8,"column":null}},"line":6},"1":{"name":"formatDate","decl":{"start":{"line":17,"column":16},"end":{"line":17,"column":27}},"loc":{"start":{"line":17,"column":48},"end":{"line":21,"column":null}},"line":17},"2":{"name":"todayISO","decl":{"start":{"line":24,"column":16},"end":{"line":24,"column":35}},"loc":{"start":{"line":24,"column":35},"end":{"line":30,"column":null}},"line":24},"3":{"name":"startOfMonthISO","decl":{"start":{"line":33,"column":16},"end":{"line":33,"column":42}},"loc":{"start":{"line":33,"column":42},"end":{"line":38,"column":null}},"line":33}},"branchMap":{"0":{"loc":{"start":{"line":19,"column":2},"end":{"line":19,"column":null}},"type":"if","locations":[{"start":{"line":19,"column":2},"end":{"line":19,"column":null}},{"start":{},"end":{}}],"line":19},"1":{"loc":{"start":{"line":19,"column":6},"end":{"line":19,"column":22}},"type":"binary-expr","locations":[{"start":{"line":19,"column":6},"end":{"line":19,"column":12}},{"start":{"line":19,"column":12},"end":{"line":19,"column":18}},{"start":{"line":19,"column":18},"end":{"line":19,"column":22}}],"line":19}},"s":{"0":7,"1":8,"2":7,"3":7,"4":7,"5":2,"6":5,"7":27,"8":27,"9":27,"10":27,"11":27,"12":6,"13":6,"14":6,"15":6},"f":{"0":8,"1":7,"2":27,"3":6},"b":{"0":[2,5],"1":[7,5,5]},"meta":{"lastBranch":2,"lastFunction":4,"lastStatement":16,"seen":{"s:1:20:4:Infinity":0,"f:6:16:6:31":0,"s:7:2:7:Infinity":1,"s:10:16:14:Infinity":2,"f:17:16:17:27":1,"s:18:20:18:Infinity":3,"b:19:2:19:Infinity:undefined:undefined:undefined:undefined":0,"s:19:2:19:Infinity":4,"b:19:6:19:12:19:12:19:18:19:18:19:22":1,"s:19:22:19:Infinity":5,"s:20:2:20:Infinity":6,"f:24:16:24:35":2,"s:25:14:25:Infinity":7,"s:26:12:26:Infinity":8,"s:27:12:27:Infinity":9,"s:28:12:28:Infinity":10,"s:29:2:29:Infinity":11,"f:33:16:33:42":3,"s:34:14:34:Infinity":12,"s:35:12:35:Infinity":13,"s:36:12:36:Infinity":14,"s:37:2:37:Infinity":15},"fnNames":{}}}
,"/Users/truongqk2302/Pets/expense-tracker/src/stores/toastStore.ts": {"path":"/Users/truongqk2302/Pets/expense-tracker/src/stores/toastStore.ts","statementMap":{"0":{"start":{"line":17,"column":13},"end":{"line":17,"column":null}},"1":{"start":{"line":19,"column":29},"end":{"line":31,"column":null}},"2":{"start":{"line":19,"column":58},"end":{"line":31,"column":2}},"3":{"start":{"line":22,"column":15},"end":{"line":22,"column":null}},"4":{"start":{"line":23,"column":4},"end":{"line":23,"column":null}},"5":{"start":{"line":23,"column":16},"end":{"line":23,"column":65}},"6":{"start":{"line":25,"column":4},"end":{"line":27,"column":null}},"7":{"start":{"line":26,"column":6},"end":{"line":26,"column":null}},"8":{"start":{"line":26,"column":18},"end":{"line":26,"column":66}},"9":{"start":{"line":26,"column":51},"end":{"line":26,"column":62}},"10":{"start":{"line":30,"column":4},"end":{"line":30,"column":null}},"11":{"start":{"line":30,"column":16},"end":{"line":30,"column":64}},"12":{"start":{"line":30,"column":49},"end":{"line":30,"column":60}},"13":{"start":{"line":34,"column":21},"end":{"line":37,"column":null}},"14":{"start":{"line":35,"column":32},"end":{"line":35,"column":null}},"15":{"start":{"line":36,"column":30},"end":{"line":36,"column":null}}},"fnMap":{"0":{"name":"(anonymous_0)","decl":{"start":{"line":19,"column":29},"end":{"line":19,"column":49}},"loc":{"start":{"line":19,"column":58},"end":{"line":31,"column":2}},"line":19},"1":{"name":"(anonymous_1)","decl":{"start":{"line":21,"column":2},"end":{"line":21,"column":9}},"loc":{"start":{"line":21,"column":27},"end":{"line":28,"column":null}},"line":21},"2":{"name":"(anonymous_2)","decl":{"start":{"line":23,"column":4},"end":{"line":23,"column":9}},"loc":{"start":{"line":23,"column":16},"end":{"line":23,"column":65}},"line":23},"3":{"name":"(anonymous_3)","decl":{"start":{"line":25,"column":4},"end":{"line":25,"column":21}},"loc":{"start":{"line":25,"column":21},"end":{"line":27,"column":7}},"line":25},"4":{"name":"(anonymous_4)","decl":{"start":{"line":26,"column":6},"end":{"line":26,"column":11}},"loc":{"start":{"line":26,"column":18},"end":{"line":26,"column":66}},"line":26},"5":{"name":"(anonymous_5)","decl":{"start":{"line":26,"column":37},"end":{"line":26,"column":45}},"loc":{"start":{"line":26,"column":51},"end":{"line":26,"column":62}},"line":26},"6":{"name":"(anonymous_6)","decl":{"start":{"line":29,"column":2},"end":{"line":29,"column":12}},"loc":{"start":{"line":30,"column":4},"end":{"line":30,"column":null}},"line":30},"7":{"name":"(anonymous_7)","decl":{"start":{"line":30,"column":4},"end":{"line":30,"column":9}},"loc":{"start":{"line":30,"column":16},"end":{"line":30,"column":64}},"line":30},"8":{"name":"(anonymous_8)","decl":{"start":{"line":30,"column":35},"end":{"line":30,"column":43}},"loc":{"start":{"line":30,"column":49},"end":{"line":30,"column":60}},"line":30},"9":{"name":"(anonymous_9)","decl":{"start":{"line":35,"column":2},"end":{"line":35,"column":12}},"loc":{"start":{"line":35,"column":32},"end":{"line":35,"column":null}},"line":35},"10":{"name":"(anonymous_10)","decl":{"start":{"line":36,"column":2},"end":{"line":36,"column":10}},"loc":{"start":{"line":36,"column":30},"end":{"line":36,"column":null}},"line":36}},"branchMap":{},"s":{"0":6,"1":6,"2":6,"3":11,"4":11,"5":11,"6":11,"7":1,"8":1,"9":1,"10":1,"11":1,"12":2,"13":6,"14":4,"15":2},"f":{"0":6,"1":11,"2":11,"3":1,"4":1,"5":1,"6":1,"7":1,"8":2,"9":4,"10":2},"b":{},"meta":{"lastBranch":0,"lastFunction":11,"lastStatement":16,"seen":{"s:17:13:17:Infinity":0,"s:19:29:31:Infinity":1,"f:19:29:19:49":0,"s:19:58:31:2":2,"f:21:2:21:9":1,"s:22:15:22:Infinity":3,"s:23:4:23:Infinity":4,"f:23:4:23:9":2,"s:23:16:23:65":5,"s:25:4:27:Infinity":6,"f:25:4:25:21":3,"s:26:6:26:Infinity":7,"f:26:6:26:11":4,"s:26:18:26:66":8,"f:26:37:26:45":5,"s:26:51:26:62":9,"f:29:2:29:12":6,"s:30:4:30:Infinity":10,"f:30:4:30:9":7,"s:30:16:30:64":11,"f:30:35:30:43":8,"s:30:49:30:60":12,"s:34:21:37:Infinity":13,"f:35:2:35:12":9,"s:35:32:35:Infinity":14,"f:36:2:36:10":10,"s:36:30:36:Infinity":15},"fnNames":{}}}
,"/Users/truongqk2302/Pets/expense-tracker/src/stores/uiStore.ts": {"path":"/Users/truongqk2302/Pets/expense-tracker/src/stores/uiStore.ts","statementMap":{"0":{"start":{"line":30,"column":37},"end":{"line":30,"column":null}},"1":{"start":{"line":32,"column":26},"end":{"line":47,"column":null}},"2":{"start":{"line":32,"column":52},"end":{"line":47,"column":2}},"3":{"start":{"line":35,"column":24},"end":{"line":35,"column":null}},"4":{"start":{"line":36,"column":29},"end":{"line":36,"column":null}},"5":{"start":{"line":37,"column":19},"end":{"line":37,"column":null}},"6":{"start":{"line":40,"column":30},"end":{"line":40,"column":null}},"7":{"start":{"line":41,"column":22},"end":{"line":41,"column":null}},"8":{"start":{"line":45,"column":4},"end":{"line":45,"column":null}},"9":{"start":{"line":45,"column":16},"end":{"line":45,"column":56}},"10":{"start":{"line":46,"column":22},"end":{"line":46,"column":null}}},"fnMap":{"0":{"name":"(anonymous_0)","decl":{"start":{"line":32,"column":26},"end":{"line":32,"column":43}},"loc":{"start":{"line":32,"column":52},"end":{"line":47,"column":2}},"line":32},"1":{"name":"(anonymous_1)","decl":{"start":{"line":35,"column":2},"end":{"line":35,"column":24}},"loc":{"start":{"line":35,"column":24},"end":{"line":35,"column":null}},"line":35},"2":{"name":"(anonymous_2)","decl":{"start":{"line":36,"column":2},"end":{"line":36,"column":17}},"loc":{"start":{"line":36,"column":29},"end":{"line":36,"column":null}},"line":36},"3":{"name":"(anonymous_3)","decl":{"start":{"line":37,"column":2},"end":{"line":37,"column":19}},"loc":{"start":{"line":37,"column":19},"end":{"line":37,"column":null}},"line":37},"4":{"name":"(anonymous_4)","decl":{"start":{"line":40,"column":2},"end":{"line":40,"column":18}},"loc":{"start":{"line":40,"column":30},"end":{"line":40,"column":null}},"line":40},"5":{"name":"(anonymous_5)","decl":{"start":{"line":41,"column":2},"end":{"line":41,"column":22}},"loc":{"start":{"line":41,"column":22},"end":{"line":41,"column":null}},"line":41},"6":{"name":"(anonymous_6)","decl":{"start":{"line":44,"column":2},"end":{"line":44,"column":15}},"loc":{"start":{"line":45,"column":4},"end":{"line":45,"column":null}},"line":45},"7":{"name":"(anonymous_7)","decl":{"start":{"line":45,"column":4},"end":{"line":45,"column":9}},"loc":{"start":{"line":45,"column":16},"end":{"line":45,"column":56}},"line":45},"8":{"name":"(anonymous_8)","decl":{"start":{"line":46,"column":2},"end":{"line":46,"column":22}},"loc":{"start":{"line":46,"column":22},"end":{"line":46,"column":null}},"line":46}},"branchMap":{},"s":{"0":6,"1":6,"2":6,"3":3,"4":3,"5":3,"6":3,"7":3,"8":8,"9":8,"10":2},"f":{"0":6,"1":3,"2":3,"3":3,"4":3,"5":3,"6":8,"7":8,"8":2},"b":{},"meta":{"lastBranch":0,"lastFunction":9,"lastStatement":11,"seen":{"s:30:37:30:Infinity":0,"s:32:26:47:Infinity":1,"f:32:26:32:43":0,"s:32:52:47:2":2,"f:35:2:35:24":1,"s:35:24:35:Infinity":3,"f:36:2:36:17":2,"s:36:29:36:Infinity":4,"f:37:2:37:19":3,"s:37:19:37:Infinity":5,"f:40:2:40:18":4,"s:40:30:40:Infinity":6,"f:41:2:41:22":5,"s:41:22:41:Infinity":7,"f:44:2:44:15":6,"s:45:4:45:Infinity":8,"f:45:4:45:9":7,"s:45:16:45:56":9,"f:46:2:46:22":8,"s:46:22:46:Infinity":10},"fnNames":{}}}
,"/Users/truongqk2302/Pets/expense-tracker/src/test/factories.ts": {"path":"/Users/truongqk2302/Pets/expense-tracker/src/test/factories.ts","statementMap":{"0":{"start":{"line":3,"column":10},"end":{"line":3,"column":null}},"1":{"start":{"line":10,"column":2},"end":{"line":10,"column":null}},"2":{"start":{"line":11,"column":2},"end":{"line":20,"column":null}}},"fnMap":{"0":{"name":"makeExpense","decl":{"start":{"line":9,"column":16},"end":{"line":9,"column":28}},"loc":{"start":{"line":9,"column":71},"end":{"line":21,"column":null}},"line":9}},"branchMap":{"0":{"loc":{"start":{"line":9,"column":28},"end":{"line":9,"column":71}},"type":"default-arg","locations":[{"start":{"line":9,"column":58},"end":{"line":9,"column":71}}],"line":9}},"s":{"0":7,"1":25,"2":25},"f":{"0":25},"b":{"0":[25]},"meta":{"lastBranch":1,"lastFunction":1,"lastStatement":3,"seen":{"s:3:10:3:Infinity":0,"f:9:16:9:28":0,"b:9:58:9:71":0,"s:10:2:10:Infinity":1,"s:11:2:20:Infinity":2},"fnNames":{}}}
,"/Users/truongqk2302/Pets/expense-tracker/src/test/renderWithProviders.tsx": {"path":"/Users/truongqk2302/Pets/expense-tracker/src/test/renderWithProviders.tsx","statementMap":{"0":{"start":{"line":12,"column":22},"end":{"line":14,"column":null}},"1":{"start":{"line":16,"column":17},"end":{"line":20,"column":null}},"2":{"start":{"line":22,"column":2},"end":{"line":22,"column":null}}},"fnMap":{"0":{"name":"renderWithProviders","decl":{"start":{"line":11,"column":16},"end":{"line":11,"column":36}},"loc":{"start":{"line":11,"column":76},"end":{"line":23,"column":null}},"line":11}},"branchMap":{"0":{"loc":{"start":{"line":11,"column":54},"end":{"line":11,"column":76}},"type":"default-arg","locations":[{"start":{"line":11,"column":72},"end":{"line":11,"column":76}}],"line":11},"1":{"loc":{"start":{"line":11,"column":56},"end":{"line":11,"column":72}},"type":"default-arg","locations":[{"start":{"line":11,"column":64},"end":{"line":11,"column":72}}],"line":11}},"s":{"0":13,"1":13,"2":13},"f":{"0":13},"b":{"0":[13],"1":[13]},"meta":{"lastBranch":2,"lastFunction":1,"lastStatement":3,"seen":{"f:11:16:11:36":0,"b:11:72:11:76":0,"b:11:64:11:72":1,"s:12:22:14:Infinity":0,"s:16:17:20:Infinity":1,"s:22:2:22:Infinity":2},"fnNames":{}}}
,"/Users/truongqk2302/Pets/expense-tracker/src/test/resetStores.ts": {"path":"/Users/truongqk2302/Pets/expense-tracker/src/test/resetStores.ts","statementMap":{"0":{"start":{"line":10,"column":0},"end":{"line":13,"column":null}},"1":{"start":{"line":11,"column":2},"end":{"line":11,"column":null}},"2":{"start":{"line":12,"column":2},"end":{"line":12,"column":null}}},"fnMap":{"0":{"name":"(anonymous_0)","decl":{"start":{"line":10,"column":0},"end":{"line":10,"column":17}},"loc":{"start":{"line":10,"column":17},"end":{"line":13,"column":1}},"line":10}},"branchMap":{},"s":{"0":6,"1":23,"2":23},"f":{"0":23},"b":{},"meta":{"lastBranch":0,"lastFunction":1,"lastStatement":3,"seen":{"s:10:0:13:Infinity":0,"f:10:0:10:17":0,"s:11:2:11:Infinity":1,"s:12:2:12:Infinity":2},"fnNames":{}}}
}
